[08:00:00] Autobus A6 pobrał 20 pasażerów na przystanku: P1 linii: L1. Czas zakończenia akcji: 08:00:15.
[08:00:00] Autobus A5 pobrał 20 pasażerów na przystanku: P3 linii: L1R. Czas zakończenia akcji: 08:00:30.
[08:00:15] Autobus: A6 linii: L1 przewiózł 20 pasażerów na trasie t1 po między przystankani P1 - P2. Czas zakończenia akcji: 08:00:15.
[08:00:30] Autobus A6 wypuścił 20 pasażerów na przystanku: P2 linii: L1. Czas zakończenia akcji: 08:00:15.
[08:00:30] Autobus: A5 linii: L1R przewiózł 20 pasażerów na trasie t2 po między przystankani P3 - P2. Czas zakończenia akcji: 08:00:30.
[08:00:30] Autobus A6 pobrał 20 pasażerów na przystanku: P2 linii: L1. Czas zakończenia akcji: 08:10:00.
[08:00:50] Autobus A5 wypuścił 20 pasażerów na przystanku: P2 linii: L1R. Czas zakończenia akcji: 08:00:20.
[08:00:50] Autobus A5 pobrał 66 pasażerów na przystanku: P2 linii: L1R. Czas zakończenia akcji: 08:10:00.
[08:10:00] Autobus: A6 linii: L1 przewiózł 20 pasażerów na trasie t2 po między przystankani P2 - P3. Czas zakończenia akcji: 08:10:00.
[08:10:00] Autobus: A5 linii: L1R przewiózł 66 pasażerów na trasie t1 po między przystankani P2 - P1. Czas zakończenia akcji: 08:10:00.
[08:10:00] Autobus A6 wypuścił 0 pasażerów na przystanku: P3 linii: L1. Czas zakończenia akcji: 08:00:00.
[08:10:00] Autobus: A6 linii: L1 zakończył trasę na przystanku: P3. Czas zakończenia akcji: 08:10:00
[08:11:48] Autobus A5 wypuścił 46 pasażerów na przystanku: P1 linii: L1R. Czas zakończenia akcji: 08:01:48.
[08:10:00] Autobus: A5 linii: L1R zakończył trasę na przystanku: P1. Czas zakończenia akcji: 08:11:48
[09:00:00] Autobus A8 pobrał 70 pasażerów na przystanku: P4 linii: L2. Czas zakończenia akcji: 09:00:54.
[09:00:00] Autobus A3 pobrał 70 pasażerów na przystanku: P5 linii: L2R. Czas zakończenia akcji: 09:00:54.
[09:00:54] Autobus: A8 linii: L2 przewiózł 70 pasażerów na trasie t3 po między przystankani P4 - P2. Czas zakończenia akcji: 09:00:54.
[09:00:54] Autobus: A3 linii: L2R przewiózł 70 pasażerów na trasie t4 po między przystankani P5 - P2. Czas zakończenia akcji: 09:00:54.
[09:02:42] Autobus A8 wypuścił 70 pasażerów na przystanku: P2 linii: L2. Czas zakończenia akcji: 09:01:48.
[09:02:42] Autobus A3 wypuścił 70 pasażerów na przystanku: P2 linii: L2R. Czas zakończenia akcji: 09:01:48.
[09:02:42] Autobus A8 pobrał 34 pasażerów na przystanku: P2 linii: L2. Czas zakończenia akcji: 09:05:00.
[09:02:42] Autobus A3 pobrał 80 pasażerów na przystanku: P2 linii: L2R. Czas zakończenia akcji: 09:05:42.
[09:05:00] Autobus: A8 linii: L2 przewiózł 34 pasażerów na trasie t4 po między przystankani P2 - P5. Czas zakończenia akcji: 09:05:00.
[09:05:36] Autobus A8 wypuścił 34 pasażerów na przystanku: P5 linii: L2. Czas zakończenia akcji: 09:00:36.
[09:05:00] Autobus: A8 linii: L2 zakończył trasę na przystanku: P5. Czas zakończenia akcji: 09:05:36
[09:05:42] Autobus: A3 linii: L2R przewiózł 80 pasażerów na trasie t3 po między przystankani P2 - P4. Czas zakończenia akcji: 09:05:42.
[09:08:22] Autobus A3 wypuścił 80 pasażerów na przystanku: P4 linii: L2R. Czas zakończenia akcji: 09:02:40.
[09:05:42] Autobus: A3 linii: L2R zakończył trasę na przystanku: P4. Czas zakończenia akcji: 09:08:22
[09:30:00] Autobus A4 pobrał 80 pasażerów na przystanku: P4 linii: L2. Czas zakończenia akcji: 09:31:21.
[09:30:00] Autobus A7 pobrał 80 pasażerów na przystanku: P5 linii: L2R. Czas zakończenia akcji: 09:31:44.
[09:31:21] Autobus: A4 linii: L2 przewiózł 80 pasażerów na trasie t3 po między przystankani P4 - P2. Czas zakończenia akcji: 09:31:21.
[09:33:09] Autobus A4 wypuścił 70 pasażerów na przystanku: P2 linii: L2. Czas zakończenia akcji: 09:31:48.
[09:31:44] Autobus: A7 linii: L2R przewiózł 80 pasażerów na trasie t4 po między przystankani P5 - P2. Czas zakończenia akcji: 09:31:44.
[09:32:59] Autobus A7 wypuścił 55 pasażerów na przystanku: P2 linii: L2R. Czas zakończenia akcji: 09:31:15.
[09:32:59] Autobus A7 pobrał 55 pasażerów na przystanku: P2 linii: L2R. Czas zakończenia akcji: 09:35:05.
[09:33:09] Autobus A4 pobrał 0 pasażerów na przystanku: P2 linii: L2. Czas zakończenia akcji: 09:35:00.
[09:35:00] Autobus: A4 linii: L2 przewiózł 10 pasażerów na trasie t4 po między przystankani P2 - P5. Czas zakończenia akcji: 09:35:00.
[09:35:15] Autobus A4 wypuścił 10 pasażerów na przystanku: P5 linii: L2. Czas zakończenia akcji: 09:30:15.
[09:35:00] Autobus: A4 linii: L2 zakończył trasę na przystanku: P5. Czas zakończenia akcji: 09:35:15
[09:35:05] Autobus: A7 linii: L2R przewiózł 80 pasażerów na trasie t3 po między przystankani P2 - P4. Czas zakończenia akcji: 09:35:05.
[09:37:45] Autobus A7 wypuścił 80 pasażerów na przystanku: P4 linii: L2R. Czas zakończenia akcji: 09:32:40.
[09:35:05] Autobus: A7 linii: L2R zakończył trasę na przystanku: P4. Czas zakończenia akcji: 09:37:45
[10:00:00] Autobus A2 pobrał 80 pasażerów na przystanku: P1 linii: L1. Czas zakończenia akcji: 10:01:40.
[10:00:00] Autobus A1 pobrał 80 pasażerów na przystanku: P3 linii: L1R. Czas zakończenia akcji: 10:01:40.
[10:01:40] Autobus: A1 linii: L1R przewiózł 80 pasażerów na trasie t2 po między przystankani P3 - P2. Czas zakończenia akcji: 10:01:40.
[10:03:20] Autobus A1 wypuścił 80 pasażerów na przystanku: P2 linii: L1R. Czas zakończenia akcji: 10:01:40.
[10:03:20] Autobus A1 pobrał 0 pasażerów na przystanku: P2 linii: L1R. Czas zakończenia akcji: 10:10:00.
[10:10:00] Autobus: A1 linii: L1R przewiózł 0 pasażerów na trasie t1 po między przystankani P2 - P1. Czas zakończenia akcji: 10:10:00.
[10:10:00] Autobus A1 wypuścił 0 pasażerów na przystanku: P1 linii: L1R. Czas zakończenia akcji: 10:00:00.
[10:10:00] Autobus: A1 linii: L1R zakończył trasę na przystanku: P1. Czas zakończenia akcji: 10:10:00
