[08:00:00] Autobus A5 pobrał 20 pasażerów na przystanku: P1 linii: L1. Czas zakończenia akcji: 08:00:35.
[08:00:00] Autobus A3 pobrał 20 pasażerów na przystanku: P3 linii: L1R. Czas zakończenia akcji: 08:00:32.
[08:00:32] Autobus: A3 linii: L1R przewiózł 20 pasażerów na trasie t2 po między przystankani P3 - P2. Czas zakończenia akcji: 08:00:32.
[08:00:40] Autobus A3 wypuścił 16 pasażerów na przystanku: P2 linii: L1R. Czas zakończenia akcji: 08:00:08.
[08:00:35] Autobus: A5 linii: L1 przewiózł 20 pasażerów na trasie t1 po między przystankani P1 - P2. Czas zakończenia akcji: 08:00:35.
[08:00:49] Autobus A5 wypuścił 20 pasażerów na przystanku: P2 linii: L1. Czas zakończenia akcji: 08:00:14.
[08:00:40] Autobus A3 pobrał 76 pasażerów na przystanku: P2 linii: L1R. Czas zakończenia akcji: 08:10:00.
[08:00:49] Autobus A5 pobrał 20 pasażerów na przystanku: P2 linii: L1. Czas zakończenia akcji: 08:10:00.
[08:10:00] Autobus: A3 linii: L1R przewiózł 80 pasażerów na trasie t1 po między przystankani P2 - P1. Czas zakończenia akcji: 08:10:00.
[08:10:00] Autobus: A5 linii: L1 przewiózł 20 pasażerów na trasie t2 po między przystankani P2 - P3. Czas zakończenia akcji: 08:10:00.
[08:10:48] Autobus A3 wypuścił 64 pasażerów na przystanku: P1 linii: L1R. Czas zakończenia akcji: 08:00:48.
[08:10:00] Autobus: A3 linii: L1R zakończył trasę na przystanku: P1. Czas zakończenia akcji: 08:10:48
[08:10:00] Autobus A5 wypuścił 0 pasażerów na przystanku: P3 linii: L1. Czas zakończenia akcji: 08:00:00.
[08:10:00] Autobus: A5 linii: L1 zakończył trasę na przystanku: P3. Czas zakończenia akcji: 08:10:00
[09:00:00] Autobus A6 pobrał 70 pasażerów na przystanku: P4 linii: L2. Czas zakończenia akcji: 09:02:24.
[09:00:00] Autobus A2 pobrał 70 pasażerów na przystanku: P5 linii: L2R. Czas zakończenia akcji: 09:02:24.
[09:02:24] Autobus: A6 linii: L2 przewiózł 70 pasażerów na trasie t3 po między przystankani P4 - P2. Czas zakończenia akcji: 09:02:24.
[09:02:24] Autobus: A2 linii: L2R przewiózł 70 pasażerów na trasie t4 po między przystankani P5 - P2. Czas zakończenia akcji: 09:02:24.
[09:02:24] Autobus A6 wypuścił 0 pasażerów na przystanku: P2 linii: L2. Czas zakończenia akcji: 09:00:00.
[09:02:24] Autobus A2 wypuścił 0 pasażerów na przystanku: P2 linii: L2R. Czas zakończenia akcji: 09:00:00.
[09:02:24] Autobus A6 pobrał 10 pasażerów na przystanku: P2 linii: L2. Czas zakończenia akcji: 09:05:00.
[09:02:24] Autobus A2 pobrał 10 pasażerów na przystanku: P2 linii: L2R. Czas zakończenia akcji: 09:05:00.
[09:05:00] Autobus: A6 linii: L2 przewiózł 80 pasażerów na trasie t4 po między przystankani P2 - P5. Czas zakończenia akcji: 09:05:00.
[09:05:00] Autobus: A2 linii: L2R przewiózł 80 pasażerów na trasie t3 po między przystankani P2 - P4. Czas zakończenia akcji: 09:05:00.
[09:07:40] Autobus A6 wypuścił 80 pasażerów na przystanku: P5 linii: L2. Czas zakończenia akcji: 09:02:40.
[09:05:00] Autobus: A6 linii: L2 zakończył trasę na przystanku: P5. Czas zakończenia akcji: 09:07:40
[09:05:40] Autobus A2 wypuścił 80 pasażerów na przystanku: P4 linii: L2R. Czas zakończenia akcji: 09:00:40.
[09:05:00] Autobus: A2 linii: L2R zakończył trasę na przystanku: P4. Czas zakończenia akcji: 09:05:40
[09:30:00] Autobus A4 pobrał 80 pasażerów na przystanku: P4 linii: L2. Czas zakończenia akcji: 09:32:36.
[09:30:00] Autobus A7 pobrał 80 pasażerów na przystanku: P5 linii: L2R. Czas zakończenia akcji: 09:32:28.
[09:32:28] Autobus: A7 linii: L2R przewiózł 80 pasażerów na trasie t4 po między przystankani P5 - P2. Czas zakończenia akcji: 09:32:28.
[09:32:28] Autobus A7 wypuścił 0 pasażerów na przystanku: P2 linii: L2R. Czas zakończenia akcji: 09:30:00.
[09:32:28] Autobus A7 pobrał 0 pasażerów na przystanku: P2 linii: L2R. Czas zakończenia akcji: 09:35:00.
[09:32:36] Autobus: A4 linii: L2 przewiózł 80 pasażerów na trasie t3 po między przystankani P4 - P2. Czas zakończenia akcji: 09:32:36.
[09:32:57] Autobus A4 wypuścił 10 pasażerów na przystanku: P2 linii: L2. Czas zakończenia akcji: 09:30:21.
[09:32:57] Autobus A4 pobrał 0 pasażerów na przystanku: P2 linii: L2. Czas zakończenia akcji: 09:35:00.
[09:35:00] Autobus: A7 linii: L2R przewiózł 80 pasażerów na trasie t3 po między przystankani P2 - P4. Czas zakończenia akcji: 09:35:00.
[09:35:00] Autobus: A4 linii: L2 przewiózł 70 pasażerów na trasie t4 po między przystankani P2 - P5. Czas zakończenia akcji: 09:35:00.
[09:35:40] Autobus A7 wypuścił 80 pasażerów na przystanku: P4 linii: L2R. Czas zakończenia akcji: 09:30:40.
[09:35:00] Autobus: A7 linii: L2R zakończył trasę na przystanku: P4. Czas zakończenia akcji: 09:35:40
[09:37:24] Autobus A4 wypuścił 70 pasażerów na przystanku: P5 linii: L2. Czas zakończenia akcji: 09:32:24.
[09:35:00] Autobus: A4 linii: L2 zakończył trasę na przystanku: P5. Czas zakończenia akcji: 09:37:24
[10:00:00] Autobus A1 pobrał 80 pasażerów na przystanku: P1 linii: L1. Czas zakończenia akcji: 10:01:10.
[10:00:00] Autobus A8 pobrał 80 pasażerów na przystanku: P3 linii: L1R. Czas zakończenia akcji: 10:02:00.
[10:02:00] Autobus: A8 linii: L1R przewiózł 80 pasażerów na trasie t2 po między przystankani P3 - P2. Czas zakończenia akcji: 10:02:00.
[10:04:08] Autobus A8 wypuścił 80 pasażerów na przystanku: P2 linii: L1R. Czas zakończenia akcji: 10:02:08.
[10:04:08] Autobus A8 pobrał 0 pasażerów na przystanku: P2 linii: L1R. Czas zakończenia akcji: 10:10:00.
[10:10:00] Autobus: A8 linii: L1R przewiózł 0 pasażerów na trasie t1 po między przystankani P2 - P1. Czas zakończenia akcji: 10:10:00.
[10:10:00] Autobus A8 wypuścił 0 pasażerów na przystanku: P1 linii: L1R. Czas zakończenia akcji: 10:00:00.
[10:10:00] Autobus: A8 linii: L1R zakończył trasę na przystanku: P1. Czas zakończenia akcji: 10:10:00
